1623065132353	geckodriver	INFO	Listening on 127.0.0.1:49589
1623066024170	geckodriver	INFO	Listening on 127.0.0.1:54480
1623066027206	mozrunner::runner	INFO	Running command: "C:\\Program Files\\Firefox Developer Edition\\firefox.exe" "--marionette" "-foreground" "-no-remote" "-profile" "C:\\Users\\corne\\AppData\\Local\\Temp\\rust_mozprofile3E8AYO"
1623066029768	Marionette	INFO	Marionette enabled
console.warn: SearchSettings: "get: No settings file exists, new profile?" (new NotFoundError("Could not open the file at C:\\Users\\corne\\AppData\\Local\\Temp\\rust_mozprofile3E8AYO\\search.json.mozlz4", (void 0)))
1623066032580	Marionette	INFO	Listening on port 54491
1623066033091	Marionette	WARN	TLS certificate errors will be ignored for this session
JavaScript error: resource://gre/actors/AutoCompleteChild.jsm, line 125: Error: Invalid autocomplete selectedIndex
1623066034473	Marionette	INFO	Stopped listening on port 54491

###!!! [Child][RunMessage] Error: Channel closing: too late to send/recv, messages will be lost

1623066044423	geckodriver	INFO	Listening on 127.0.0.1:54570
1623066047440	mozrunner::runner	INFO	Running command: "C:\\Program Files\\Firefox Developer Edition\\firefox.exe" "--marionette" "-foreground" "-no-remote" "-profile" "C:\\Users\\corne\\AppData\\Local\\Temp\\rust_mozprofileqPWAO0"
1623066047719	Marionette	INFO	Marionette enabled
console.warn: SearchSettings: "get: No settings file exists, new profile?" (new NotFoundError("Could not open the file at C:\\Users\\corne\\AppData\\Local\\Temp\\rust_mozprofileqPWAO0\\search.json.mozlz4", (void 0)))
1623066049978	Marionette	INFO	Listening on port 54581
1623066050127	Marionette	WARN	TLS certificate errors will be ignored for this session
JavaScript error: resource://gre/actors/AutoCompleteChild.jsm, line 125: Error: Invalid autocomplete selectedIndex
1623066051282	Marionette	INFO	Stopped listening on port 54581

###!!! [Child][RunMessage] Error: Channel closing: too late to send/recv, messages will be lost

1623066277718	geckodriver	INFO	Listening on 127.0.0.1:58469
1623066280742	mozrunner::runner	INFO	Running command: "C:\\Program Files\\Firefox Developer Edition\\firefox.exe" "--marionette" "-foreground" "-no-remote" "-profile" "C:\\Users\\corne\\AppData\\Local\\Temp\\rust_mozprofile3JIpUw"
1623066281030	Marionette	INFO	Marionette enabled
console.warn: SearchSettings: "get: No settings file exists, new profile?" (new NotFoundError("Could not open the file at C:\\Users\\corne\\AppData\\Local\\Temp\\rust_mozprofile3JIpUw\\search.json.mozlz4", (void 0)))
1623066283079	Marionette	INFO	Listening on port 55919
1623066283429	Marionette	WARN	TLS certificate errors will be ignored for this session
1623066284151	Marionette	WARN	Ignoring event 'pageshow' because document has an invalid readyState of 'interactive'.
1623066299559	Marionette	INFO	Stopped listening on port 55911623066300899	mozrunner::runner	INFO	Running command: "C:\\Program Files\\Firefox Developer Edition\\firefox.exe" "--marionette" "-foreground" "-no-remote" "-profile" "C:\\Users\\corne\\AppData\\Local\\Temp\\rust_mozprofilenywMbK"
1623066301187	Marionette	INFO	Marionette enabled
console.warn: SearchSettings: "get: No settings file exists, new profile?" (new NotFoundError("Could not open the file at C:\\Users\\corne\\AppData\\Local\\Temp\\rust_mozprofilenywMbK\\search.json.mozlz4", (void 0)))
1623066303524	Marionette	INFO	Listening on port 61546
1623066303585	Marionette	WARN	TLS certificate errors will be ignored for this session
1623066331453	Marionette	INFO	Stopped listening on port 61546
1623066637560	geckodriver	INFO	Listening on 127.0.0.1:59737
1623066640627	mozrunner::runner	INFO	Running command: "C:\\Program Files\\Firefox Developer Edition\\firefox.exe" "--marionette" "-foreground" "-no-remote" "-profile" "C:\\Users\\corne\\AppData\\Local\\Temp\\rust_mozprofileVccCl8"
1623066640904	Marionette	INFO	Marionette enabled
console.warn: SearchSettings: "get: No settings file exists, new profile?" (new NotFoundError("Could not open the file at C:\\Users\\corne\\AppData\\Local\\Temp\\rust_mozprofileVccCl8\\search.json.mozlz4", (void 0)))
1623066643029	Marionette	INFO	Listening on port 56430
1623066643306	Marionette	WARN	TLS certificate errors will be ignored for this session
1623066673030	Marionette	INFO	Stopped listening on port 56430
1623067695954	geckodriver	INFO	Listening on 127.0.0.1:50270
1623067698977	mozrunner::runner	INFO	Running command: "C:\\Program Files\\Firefox Developer Edition\\firefox.exe" "--marionette" "-foreground" "-no-remote" "-profile" "C:\\Users\\corne\\AppData\\Local\\Temp\\rust_mozprofile2kJH7z"
1623067699253	Marionette	INFO	Marionette enabled
console.warn: SearchSettings: "get: No settings file exists, new profile?" (new NotFoundError("Could not open the file at C:\\Users\\corne\\AppData\\Local\\Temp\\rust_mozprofile2kJH7z\\search.json.mozlz4", (void 0)))
1623067701413	Marionette	INFO	Listening on port 64020
1623067701666	Marionette	WARN	TLS certificate errors will be ignored for this session
1623067702329	Marionette	WARN	Ignoring event 'pageshow' because document has an invalid readyState of 'interactive'.
1623067707609	Marionette	INFO	Stopped listening on port 64020

###!!! [Child][RunMessage] Error: Channel closing: too late to send/recv, messages will be lost

1623067738827	geckodriver	INFO	Listening on 127.0.0.1:62725
1623067741857	mozrunner::runner	INFO	Running command: "C:\\Program Files\\Firefox Developer Edition\\firefox.exe" "--marionette" "-foreground" "-no-remote" "-profile" "C:\\Users\\corne\\AppData\\Local\\Temp\\rust_mozprofileSRw3xY"
1623067742135	Marionette	INFO	Marionette enabled
console.warn: SearchSettings: "get: No settings file exists, new profile?" (new NotFoundError("Could not open the file at C:\\Users\\corne\\AppData\\Local\\Temp\\rust_mozprofileSRw3xY\\search.json.mozlz4", (void 0)))
1623067744325	Marionette	INFO	Listening on port 49415
1623067744544	Marionette	WARN	TLS certificate errors will be ignored for this session
1623067745464	Marionette	WARN	Ignoring event 'pageshow' because document has an invalid readyState of 'interactive'.
1623067760654	Marionette	INFO	Stopped listening on port 49415

###!!! [Child][RunMessage] Error: Channel closing: too late to send/recv, messages will be lost

1623067761984	geckodriver	INFO	Listening on 127.0.0.1:54180
1623067765045	mozrunner::runner	INFO	Running command: "C:\\Program Files\\Firefox Developer Edition\\firefox.exe" "--marionette" "-foreground" "-no-remote" "-profile" "C:\\Users\\corne\\AppData\\Local\\Temp\\rust_mozprofileVKO6TE"
1623067765337	Marionette	INFO	Marionette enabled
console.warn: SearchSettings: "get: No settings file exists, new profile?" (new NotFoundError("Could not open the file at C:\\Users\\corne\\AppData\\Local\\Temp\\rust_mozprofileVKO6TE\\search.json.mozlz4", (void 0)))
1623067767431	Marionette	INFO	Listening on port 60490
1623067767720	Marionette	WARN	TLS certificate errors will be ignored for this session
1623067768507	Marionette	WARN	Ignoring event 'pageshow' because document has an invalid readyState of 'interactive'.
1623067821734	Marionette	INFO	Stopped listening on port 60491623067823475	mozrunner::runner	INFO	Running command: "C:\\Program Files\\Firefox Developer Edition\\firefox.exe" "--marionette" "-foreground" "-no-remote" "-profile" "C:\\Users\\corne\\AppData\\Local\\Temp\\rust_mozprofilelKe3Of"
1623067823749	Marionette	INFO	Marionette enabled
console.warn: SearchSettings: "get: No settings file exists, new profile?" (new NotFoundError("Could not open the file at C:\\Users\\corne\\AppData\\Local\\Temp\\rust_mozprofilelKe3Of\\search.json.mozlz4", (void 0)))
1623067825882	Marionette	INFO	Listening on port 64281
1623067826161	Marionette	WARN	TLS certificate errors will be ignored for this session
1623067826759	Marionette	WARN	Ignoring event 'pageshow' because document has an invalid readyState of 'interactive'.
1623067871676	Marionette	INFO	Stopped listening on port 64281

###!!! [Child][RunMessage] Error: Channel closing: too late to send/recv, messages will be lost

1623067873122	geckodriver	INFO	Listening on 127.0.0.1:60754
1623067876220	mozrunner::runner	INFO	Running command: "C:\\Program Files\\Firefox Developer Edition\\firefox.exe" "--marionette" "-foreground" "-no-remote" "-profile" "C:\\Users\\corne\\AppData\\Local\\Temp\\rust_mozprofileuHPBsJ"
1623067876499	Marionette	INFO	Marionette enabled
console.warn: SearchSettings: "get: No settings file exists, new profile?" (new NotFoundError("Could not open the file at C:\\Users\\corne\\AppData\\Local\\Temp\\rust_mozprofileuHPBsJ\\search.json.mozlz4", (void 0)))
1623067878508	Marionette	INFO	Listening on port 54930
1623067878898	Marionette	WARN	TLS certificate errors will be ignored for this session
1623067890615	Marionette	INFO	Stopped listening on port 54930

###!!! [Child][RunMessage] Error: Channel closing: too late to send/recv, messages will be lost

1623068004254	geckodriver	INFO	Listening on 127.0.0.1:49428
1623068007304	mozrunner::runner	INFO	Running command: "C:\\Program Files\\Firefox Developer Edition\\firefox.exe" "--marionette" "-foreground" "-no-remote" "-profile" "C:\\Users\\corne\\AppData\\Local\\Temp\\rust_mozprofile46L3pe"
1623068007578	Marionette	INFO	Marionette enabled
console.warn: SearchSettings: "get: No settings file exists, new profile?" (new NotFoundError("Could not open the file at C:\\Users\\corne\\AppData\\Local\\Temp\\rust_mozprofile46L3pe\\search.json.mozlz4", (void 0)))
1623068009713	Marionette	INFO	Listening on port 49439
1623068009984	Marionette	WARN	TLS certificate errors will be ignored for this session
1623068010665	Marionette	WARN	Ignoring event 'pageshow' because document has an invalid readyState of 'interactive'.
JavaScript error: resource://devtools/shared/protocol/Front.1623068047060	mozrunner::runner	INFO	Running command: "C:\\Program Files\\Firefox Developer Edition\\firefox.exe" "--marionette" "-foreground" "-no-remote" "-profile" "C:\\Users\\corne\\AppData\\Local\\Temp\\rust_mozprofile9N2uGx"
1623068047351	Marionette	INFO	Marionette enabled
console.warn: SearchSettings: "get: No settings file exists, new profile?" (new NotFoundError("Could not open the file at C:\\Users\\corne\\AppData\\Local\\Temp\\rust_mozprofile9N2uGx\\search.json.mozlz4", (void 0)))
1623068049701	Marionette	INFO	Listening on port 61409
1623068049744	Marionette	WARN	TLS certificate errors will be ignored for this session
1623068396335	Marionette	INFO	Stopped listening on port 61409
kend.js:961:38
walkerLoop@resource://gre/modules/Promise-backend.js:845:29
Promise*scheduleWalkerLoop@resource://gre/modules/Promise-backend.js:775:19
schedulePromise@resource://gre/modules/Promise-backend.js:809:12
completePromise@resource://gre/modules/Promise-backend.js:741:12

1623068045053	Marionette	INFO	Stopped listening on port 49439
1623068146914	geckodriver	INFO	Listening on 127.0.0.1:50731
1623068149935	mozrunner::runner	INFO	Running command: "C:\\Program Files\\Firefox Developer Edition\\firefox.exe" "--marionette" "-foreground" "-no-remote" "-profile" "C:\\Users\\corne\\AppData\\Local\\Temp\\rust_mozprofileKUvpNz"
1623068150240	Marionette	INFO	Marionette enabled
console.warn: SearchSettings: "get: No settings file exists, new profile?" (new NotFoundError("Could not open the file at C:\\Users\\corne\\AppData\\Local\\Temp\\rust_mozprofileKUvpNz\\search.json.mozlz4", (void 0)))
1623068152432	Marionette	INFO	Listening on port 50742
1623068152626	Marionette	WARN	TLS certificate errors will be ignored for this session
1623068160557	Marionette	INFO	Stopped listening on port 50742

###!!! [Child][RunMessage] Error: Channel closing: too late to send/recv, messages will be lost

1623068162125	geckodriver	INFO	Listening on 127.0.0.1:51211
1623068165167	mozrunner::runner	INFO	Running command: "C:\\Program Files\\Firefox Developer Edition\\firefox.exe" "--marionette" "-foreground" "-no-remote" "-profile" "C:\\Users\\corne\\AppData\\Local\\Temp\\rust_mozprofile3EE5Qs"
1623068165429	Marionette	INFO	Marionette enabled
console.warn: SearchSettings: "get: No settings file exists, new profile?" (new NotFoundError("Could not open the file at C:\\Users\\corne\\AppData\\Local\\Temp\\rust_mozprofile3EE5Qs\\search.json.mozlz4", (void 0)))
1623068167424	Marionette	INFO	Listening on port 51222
1623068167871	Marionette	WARN	TLS certificate errors will be ignored for this session
1623068396309	Marionette	INFO	Stopped listening on port 51222
3068183689	mozrunner::runner	INFO	Running command: "C:\\Program Files\\Firefox Developer Edition\\firefox.exe" "--marionette" "-foreground" "-no-remote" "-profile" "C:\\Users\\corne\\AppData\\Local\\Temp\\rust_mozprofileXQIPk2"
1623068183924	Marionette	INFO	Marionette enabled
console.warn: SearchSettings: "get: No settings file exists, new profile?" (new NotFoundError("Could not open the file at C:\\Users\\corne\\AppData\\Local\\Temp\\rust_mozprofileXQIPk2\\search.json.mozlz4", (void 0)))
1623068185938	Marionette	INFO	Listening on port 58974
1623068186376	Marionette	WARN	TLS certificate errors will be ignored for this session
[Parent 13992, IPC I/O Parent] WARNING: file /builds/worker/checkouts/gecko/ipc/chromium/src/base/process_util_win.cc:167
1623068396313	Marionette	INFO	Stopped listening on port 58974
e" "-foreground" "-no-remote" "-profile" "C:\\Users\\corne\\AppData\\Local\\Temp\\rust_mozprofileiVE2jV"
1623068294380	Marionette	INFO	Marionette enabled
console.warn: SearchSettings: "get: No settings file exists, new profile?" (new NotFoundError("Could not open the file at C:\\Users\\corne\\AppData\\Local\\Temp\\rust_mozprofileiVE2jV\\search.json.mozlz4", (void 0)))
1623068296275	Marionette	INFO	Listening on port 59203
1623068296308	Marionette	WARN	TLS certificate errors will be ignored for this session
1623068394430	Marionette	INFO	Stopped listening on port 59203
1623068397179	geckodriver	INFO	Listening on 127.0.0.1:60600
1623068400238	mozrunner::runner	INFO	Running command: "C:\\Program Files\\Firefox Developer Edition\\firefox.exe" "--marionette" "-foreground" "-no-remote" "-profile" "C:\\Users\\corne\\AppData\\Local\\Temp\\rust_mozprofileoIE9fM"
1623068400548	Marionette	INFO	Marionette enabled
console.warn: SearchSettings: "get: No settings file exists, new profile?" (new NotFoundError("Could not open the file at C:\\Users\\corne\\AppData\\Local\\Temp\\rust_mozprofileoIE9fM\\search.json.mozlz4", (void 0)))
1623068402865	Marionette	INFO	Listening on port 60611
1623068402925	Marionette	WARN	TLS certificate errors will be ignored for this session
1623068423212	Marionette	INFO	Stopped listening on port 60611

###!!! [Child][RunMessage] Error: Channel closing: too late to send/recv, messages will be lost

efox.exe" "--marionette" "-foreground" "-no-remote" "-profile" "C:\\Users\\corne\\AppData\\Local\\Temp\\rust_mozprofiler8FFYx"
1623068422887	Marionette	INFO	Marionette enabled
console.warn: SearchSettings: "get: No settings file exists, new profile?" (new NotFoundError("Could not open the file at C:\\Users\\corne\\AppData\\Local\\Temp\\rust_mozprofiler8FFYx\\search.json.mozlz4", (void 0)))
1623068424771	Marionette	INFO	Listening on port 60696
1623068424819	Marionette	WARN	TLS certificate errors will be ignored for this session
1623068525172	Marionette	INFO	Stopped listening on port 60696

###!!! [Child][RunMessage] Error: Channel closing: too late to send/recv, messages will be lost

1623068544590	geckodriver	INFO	Listening on 127.0.0.1:51374
1623068547654	mozrunner::runner	INFO	Running command: "C:\\Program Files\\Firefox Developer Edition\\firefox.exe" "--marionette" "-foreground" "-no-remote" "-profile" "C:\\Users\\corne\\AppData\\Local\\Temp\\rust_mozprofileiri6R7"
1623068547941	Marionette	INFO	Marionette enabled
console.warn: SearchSettings: "get: No settings file exists, new profile?" (new NotFoundError("Could not open the file at C:\\Users\\corne\\AppData\\Local\\Temp\\rust_mozprofileiri6R7\\search.json.mozlz4", (void 0)))
1623068550081	Marionette	INFO	Listening on port 51385
1623068550331	Marionette	WARN	TLS certificate errors will be ignored for this session
1623068621536	Marionette	INFO	Stopped listening on port 51385

###!!! [Child][RunMessage] Error: Channel closing: too late to send/recv, messages will be lost

efox.exe" "--marionette" "-foreground" "-no-remote" "-profile" "C:\\Users\\corne\\AppData\\Local\\Temp\\rust_mozprofilenG8RzB"
1623068620966	Marionette	INFO	Marionette enabled
console.warn: SearchSettings: "get: No settings file exists, new profile?" (new NotFoundError("Could not open the file at C:\\Users\\corne\\AppData\\Local\\Temp\\rust_mozprofilenG8RzB\\search.json.mozlz4", (void 0)))
1623068622776	Marionette	INFO	Listening on port 62836
1623068622873	Marionette	WARN	TLS certificate errors will be ignored for this session
1623068623999	Marionette	WARN	Ignoring event 'pageshow' because document has an invalid readyState of 'interactive'.
1623068786184	Marionette	INFO	Stopped listening on port 62836

###!!! [Child][RunMessage] Error: Channel closing: too late to send/recv, messages will be lost

efox.exe" "--marionette" "-foreground" "-no-remote" "-profile" "C:\\Users\\corne\\AppData\\Local\\Temp\\rust_mozprofileFaDDLP"
1623068721066	Marionette	INFO	Marionette enabled
console.warn: SearchSettings: "get: No settings file exists, new profile?" (new NotFoundError("Could not open the file at C:\\Users\\corne\\AppData\\Local\\Temp\\rust_mozprofileFaDDLP\\search.json.mozlz4", (void 0)))
1623068723335	Marionette	INFO	Listening on port 60502
1623068723454	Marionette	WARN	TLS certificate errors will be ignored for this session
1623068771575	Marionette	INFO	Stopped listening on port 60502

###!!! [Child][RunMessage] Error: Channel closing: too late to send/recv, messages will be lost

1623068781659	geckodriver	INFO	Listening on 127.0.0.1:60628
1623068784713	mozrunner::runner	INFO	Running command: "C:\\Program Files\\Firefox Developer Edition\\firefox.exe" "--marionette" "-foreground" "-no-remote" "-profile" "C:\\Users\\corne\\AppData\\Local\\Temp\\rust_mozprofile30mjoy"
1623068784979	Marionette	INFO	Marionette enabled
console.warn: SearchSettings: "get: No settings file exists, new profile?" (new NotFoundError("Could not open the file at C:\\Users\\corne\\AppData\\Local\\Temp\\rust_mozprofile30mjoy\\search.json.mozlz4", (void 0)))
1623068787199	Marionette	INFO	Listening on port 60639
1623068787399	Marionette	WARN	TLS certificate errors will be ignored for this session
1623068788104	Marionette	WARN	Ignoring event 'pageshow' because document has an invalid readyState of 'interactive'.
1623068815936	Marionette	INFO	Stopped listening on port 60631623068818008	mozrunner::runner	INFO	Running command: "C:\\Program Files\\Firefox Developer Edition\\firefox.exe" "--marionette" "-foreground" "-no-remote" "-profile" "C:\\Users\\corne\\AppData\\Local\\Temp\\rust_mozprofileEEYF4R"
1623068818320	Marionette	INFO	Marionette enabled
console.warn: SearchSettings: "get: No settings file exists, new profile?" (new NotFoundError("Could not open the file at C:\\Users\\corne\\AppData\\Local\\Temp\\rust_mozprofileEEYF4R\\search.json.mozlz4", (void 0)))
1623068820344	Marionette	INFO	Listening on port 62270
1623068820693	Marionette	WARN	TLS certificate errors will be ignored for this session
JavaScript error: resource:///actors/ContentMetaChild.jsm, line 179: InvalidStateError: JSWindowActorChild.sendAsyncMessage: JSWindowActorChild cannot send at the moment
JavaScript error: resource://devtools/shared/protocol/Front.js, line 103: Error: Connection closed, pending request to server0.conn0.child4/domnode156, type setNodeValue failed

Request stack:
request@resource://devtools/shared/protocol/Front.js:292:14
generateRequestMethods/</frontProto[name]@resource://devtools/shared/protocol/Front/FrontClassWithSpec.js:46:19
showTextEditor/done/</<@resource://devtools/client/inspector/markup/views/text-editor.js:101:25
do@resource://devtools/client/shared/undo.js:70:16
endBatch@resource://devtools/client/shared/undo.js:81:11
do@resource://devtools/client/shared/undo.js:93:10
showTextEditor/done/<@resource://devtools/client/inspector/markup/views/1623069087828	Marionette	INFO	Stopped listening on port 59812

###!!! [Child][RunMessage] Error: Channel closing: too late to send/recv, messages will be lost

oop@resource://gre/modules/Promise-backend.js:775:19
schedulePromise@resource://gre/modules/Promise-backend.js:809:12
completePromise@resource://gre/modules/Promise-backend.js:741:12

1623069087891	Marionette	INFO	Stopped listening on port 62270
 (new NotFoundError("Could not open the file at C:\\Users\\corne\\AppData\\Local\\Temp\\rust_mozprofilekoYGJa\\search.json.mozlz4", (void 0)))
1623069073105	Marionette	INFO	Listening on port 51199
1623069073578	Marionette	WARN	TLS certificate errors will be ignored for this session
1623069087846	Marionette	INFO	Stopped listening on port 51199

###!!! [Child][RunMessage] Error: Channel closing: too late to send/recv, messages will be lost

1623069089329	geckodriver	INFO	Listening on 127.0.0.1:51651
1623069092390	mozrunner::runner	INFO	Running command: "C:\\Program Files\\Firefox Developer Edition\\firefox.exe" "--marionette" "-foreground" "-no-remote" "-profile" "C:\\Users\\corne\\AppData\\Local\\Temp\\rust_mozprofileX9AzqN"
1623069092661	Marionette	INFO	Marionette enabled
console.warn: SearchSettings: "get: No settings file exists, new profile?" (new NotFoundError("Could not open the file at C:\\Users\\corne\\AppData\\Local\\Temp\\rust_mozprofileX9AzqN\\search.json.mozlz4", (void 0)))
1623069094879	Marionette	INFO	Listening on port 56448
1623069095062	Marionette	WARN	TLS certificate errors will be ignored for this session
1623069095618	Marionette	WARN	Ignoring event 'pageshow' because document has an invalid readyState of 'interactive'.
console.warn: "Async method failed in safeAsyncMethod" (new 1623069126700	mozrunner::runner	INFO	Running command: "C:\\Program Files\\Firefox Developer Edition\\firefox.exe" "--marionette" "-foreground" "-no-remote" "-profile" "C:\\Users\\corne\\AppData\\Local\\Temp\\rust_mozprofileHBHP50"
1623069126967	Marionette	INFO	Marionette enabled
console.warn: SearchSettings: "get: No settings file exists, new profile?" (new NotFoundError("Could not open the file at C:\\Users\\corne\\AppData\\Local\\Temp\\rust_mozprofileHBHP50\\search.json.mozlz4", (void 0)))
1623069129032	Marionette	INFO	Listening on port 50604
1623069129388	Marionette	WARN	TLS certificate errors will be ignored for this session
1623069183882	Marionette	INFO	Stopped listening on port 50604
JavaScript error: resource://gre/modules/CrashManager.jsm, line 829: AbortError: IOUtils: Shutting down and refusing additional I/O tasks
otocol/Front.js, line 103: Error: Connection closed, pending request to server0.conn0.child4/domnode76, type setNodeValue failed

Request stack:
request@resource://devtools/shared/protocol/Front.js:292:14
generateRequestMethods/</frontProto[name]@resource://devtools/shared/protocol/Front/FrontClassWithSpec.js:46:19
showTextEditor/done/</<@resource://devtools/client/inspector/markup/views/text-editor.js:101:25
do@resource://devtools/client/shared/undo.js:70:16
endBatch@resource://devtools/client/shared/undo.js:81:11
do@resource://devtools/client/shared/undo.js:93:10
showTextEditor/done/<@resource://devtools/client/inspector/markup/views/text-editor.js:99:31
process@resource://gre/modules/Promise-backend.js:961:38
walkerLoop@resource://gre/modules/Promise-backend.js:845:29
Promise*scheduleWalkerLoop@resource://gre/modules/Promise-backend.js:775:19
schedulePromise@resource://gre/modules/Promise-backend.js:809:12
completePromise@resource://gre/modules/Promise-backend.js:741:12

1623069125067	Marionette	INFO	Stopped listening on port 56448

###!!! [Child][RunMessage] Error: Channel closing: too late to send/recv, messages will be lost

1623069186140	geckodriver	INFO	Listening on 127.0.0.1:51935
1623069189198	mozrunner::runner	INFO	Running command: "C:\\Program Files\\Firefox Developer Edition\\firefox.exe" "--marionette" "-foreground" "-no-remote" "-profile" "C:\\Users\\corne\\AppData\\Local\\Temp\\rust_mozprofileqD3JpP"
1623069189470	Marionette	INFO	Marionette enabled
console.warn: SearchSettings: "get: No settings file exists, new profile?" (new NotFoundError("Could not open the file at C:\\Users\\corne\\AppData\\Local\\Temp\\rust_mozprofileqD3JpP\\search.json.mozlz4", (void 0)))
1623069191493	Marionette	INFO	Listening on port 53805
1623069191888	Marionette	WARN	TLS certificate errors will be ignored for this session
1623069269663	Marionette	INFO	Stopped listening on port 53805

###!!! [Child][RunMessage] Error: Channel closing: too late to send/recv, messages will be lost

efox.exe" "--marionette" "-foreground" "-no-remote" "-profile" "C:\\Users\\corne\\AppData\\Local\\Temp\\rust_mozprofileTXYdTY"
1623069259382	Marionette	INFO	Marionette enabled
console.warn: SearchSettings: "get: No settings file exists, new profile?" (new NotFoundError("Could not open the file at C:\\Users\\corne\\AppData\\Local\\Temp\\rust_mozprofileTXYdTY\\search.json.mozlz4", (void 0)))
1623069261356	Marionette	INFO	Listening on port 61778
1623069261765	Marionette	WARN	TLS certificate errors will be ignored for this session
1623069262397	Marionette	WARN	Ignoring event 'pageshow' because document has an invalid readyState of 'interactive'.
1623069269713	Marionette	INFO	Stopped listening on port 61778

###!!! [Child][RunMessage] Error: Channel closing: too late to send/recv, messages will be lost

1623069272529	geckodriver	INFO	Listening on 127.0.0.1:65412
1623069275588	mozrunner::runner	INFO	Running command: "C:\\Program Files\\Firefox Developer Edition\\firefox.exe" "--marionette" "-foreground" "-no-remote" "-profile" "C:\\Users\\corne\\AppData\\Local\\Temp\\rust_mozprofileBgJPlM"
1623069275856	Marionette	INFO	Marionette enabled
console.warn: SearchSettings: "get: No settings file exists, new profile?" (new NotFoundError("Could not open the file at C:\\Users\\corne\\AppData\\Local\\Temp\\rust_mozprofileBgJPlM\\search.json.mozlz4", (void 0)))
1623069277892	Marionette	INFO	Listening on port 57097
1623069278273	Marionette	WARN	TLS certificate errors will be ignored for this session
[Parent 19264, IPC I/O Parent] WARNING: file /builds/worker/checkouts/gecko/ipc/chromium/src/base/process_util_win.cc:167
1623069281313	Marionette	INFO	Stopped listening on port 57097
1623069342892	geckodriver	INFO	Listening on 127.0.0.1:54944
1623069345934	mozrunner::runner	INFO	Running command: "C:\\Program Files\\Firefox Developer Edition\\firefox.exe" "--marionette" "-foreground" "-no-remote" "-profile" "C:\\Users\\corne\\AppData\\Local\\Temp\\rust_mozprofilec805dv"
1623069346202	Marionette	INFO	Marionette enabled
console.warn: SearchSettings: "get: No settings file exists, new profile?" (new NotFoundError("Could not open the file at C:\\Users\\corne\\AppData\\Local\\Temp\\rust_mozprofilec805dv\\search.json.mozlz4", (void 0)))
1623069348275	Marionette	INFO	Listening on port 62696
1623069348622	Marionette	WARN	TLS certificate errors will be ignored for this session
1623069392154	Marionette	INFO	Stopped listening on port 62696

###!!! [Child][RunMessage] Error: Channel closing: too late to send/recv, messages will be lost

efox.exe" "--marionette" "-foreground" "-no-remote" "-profile" "C:\\Users\\corne\\AppData\\Local\\Temp\\rust_mozprofilezT6TAC"
1623069388859	Marionette	INFO	Marionette enabled
console.warn: SearchSettings: "get: No settings file exists, new profile?" (new NotFoundError("Could not open the file at C:\\Users\\corne\\AppData\\Local\\Temp\\rust_mozprofilezT6TAC\\search.json.mozlz4", (void 0)))
1623069390875	Marionette	INFO	Listening on port 53348
1623069391311	Marionette	WARN	TLS certificate errors will be ignored for this session
*************************
A coding exception was thrown in a Promise resolution callback.
See https://developer.mozilla.org/Mozilla/JavaScript_code_modules/Promise.jsm/Promise

Full message: TypeError: can't access property "elt", container.editor is undefined
Full stack: showNode/<@resource://devtools/client/inspector/markup/markup.js:1620:9
process@resource://gre/modules/Promise-backend.js:961:38
walkerLoop@resource://gre/modules/Promise-backend.js:845:29
Promise*scheduleWalkerLoop@resource://gre/modules/Promise-backend.js:775:19
schedulePromise@resource://gre/modules/Promise-backend.js:809:12
Promise.prototype.then@resource://gre/modules/Promise-backend.js:483:19
showNode@resource://devtools/client/inspector/markup/markup.js:1612:8
_onToolboxPickerHover@resource://devtools/client/inspector/markup/markup.js:456:10
_emit@resource://devtools/shared/event-emitter.js:226:34
emit@resource://devtools/shared/event-emitter.js:172:18
emit@resource://devtools/shared/event-emitter.js:324:18
_onHovered@resource://devtools/client/inspector/node-picker.js:199:10
_emit@resource://devtools/shared/event-emitter.js:226:34
emit@resource://devtools/shared/event-emitter.js:172:18
emit@resource://devtools/shared/event-emitter.js:324:18
onPacket@resource://devtools/shared/protocol/Front.js:336:13
onPacket@resource://devtools/client/devtools-client.js:482:13
send/<@resource://devtools/shared/transport/local-transport.js:68:25
exports.makeInfallible/<@resource://devtools/shared/ThreadSafeDevToolsUtils.js:103:22
exports.makeInfallible/<@resource://devtools/shared/ThreadSafeDevToolsUtils.js:103:22

*************************
console.error: (new TypeError("can't access property \"elt\", container.editor is undefined", "resource://devtools/client/inspector/markup/markup.js", 1620))
console.error: (new TypeError("can't access property \"treeChildren\", parent is null", "resource://devtools/client/inspector/shared/style-change-tracker.js", 67))
TypeError: can't access property "treeChildren", parent is null: canMutationImpactCurrentStyles@resource://devtools/client/inspector/shared/style-change-tracker.js:67:24
onMutations@resource://devtools/client/inspector/shared/style-change-tracker.js:84:41
_emit@resource://devtools/shared/event-emitter.js:226:34
emit@resource://devtools/shared/event-emitter.js:172:18
emit@resource://devtools/shared/event-emitter.js:324:18
getMutations@resource://devtools/client/fronts/walker.js:358:10

1623069763779	Marionette	INFO	Stopped listening on port 53341623069764768	mozrunner::runner	INFO	Running command: "C:\\Program Files\\Firefox Developer Edition\\firefox.exe" "--marionette" "-foreground" "-no-remote" "-profile" "C:\\Users\\corne\\AppData\\Local\\Temp\\rust_mozprofilegLs6lA"
1623069765057	Marionette	INFO	Marionette enabled
console.warn: SearchSettings: "get: No settings file exists, new profile?" (new NotFoundError("Could not open the file at C:\\Users\\corne\\AppData\\Local\\Temp\\rust_mozprofilegLs6lA\\search.json.mozlz4", (void 0)))
1623069767278	Marionette	INFO	Listening on port 50696
1623069767463	Marionette	WARN	TLS certificate errors will be ignored for this session
1623071474187	Marionette	INFO	Stopped listening on port 50696

###!!! [Child][RunMessage] Error: Channel closing: too late to send/recv, messages will be lost

efox.exe" "--marionette" "-foreground" "-no-remote" "-profile" "C:\\Users\\corne\\AppData\\Local\\Temp\\rust_mozprofileAqI1QY"
1623071081023	Marionette	INFO	Marionette enabled
console.warn: SearchSettings: "get: No settings file exists, new profile?" (new NotFoundError("Could not open the file at C:\\Users\\corne\\AppData\\Local\\Temp\\rust_mozprofileAqI1QY\\search.json.mozlz4", (void 0)))
1623071082815	Marionette	INFO	Listening on port 65426
1623071082857	Marionette	WARN	TLS certificate errors will be ignored for this session
console.error: services.settings: 
  security-state/onecrl Signature failed  TypeError: NetworkError when attempting to fetch resource.
console.error: services.settings: 
  Message: TypeError: NetworkError when attempting to fetch resource.
  Stack:
    _validateCollectionSignature@resource://services-settings/RemoteSettingsClient.jsm:830:36
_importChanges@resource://services-settings/RemoteSettingsClient.jsm:928:20

1623071474215	Marionette	INFO	Stopped listening on port 65426

###!!! [Child][RunMessage] Error: Channel closing: too late to send/recv, messages will be lost

ening on port 64745
1623071117114	Marionette	WARN	TLS certificate errors will be ignored for this session
1623071474190	Marionette	INFO	Stopped listening on port 64745
3071123899	mozrunner::runner	INFO	Running command: "C:\\Program Files\\Firefox Developer Edition\\firefox.exe" "--marionette" "-foreground" "-no-remote" "-profile" "C:\\Users\\corne\\AppData\\Local\\Temp\\rust_mozprofilejYLew5"
1623071124204	Marionette	INFO	Marionette enabled
console.warn: SearchSettings: "get: No settings file exists, new profile?" (new NotFoundError("Could not open the file at C:\\Users\\corne\\AppData\\Local\\Temp\\rust_mozprofilejYLew5\\search.json.mozlz4", (void 0)))
1623071126425	Marionette	INFO	Listening on port 59066
1623071126573	Marionette	WARN	TLS certificate errors will be ignored for this session
1623071127451	Marionette	WARN	Ignoring event 'pageshow' because document has an invalid readyState of 'interactive'.
1623071474192	Marionette	INFO	Stopped listening on port 59066

###!!! [Child][RunMessage] Error: Channel closing: too late to send/recv, messages will be lost

efox.exe" "--marionette" "-foreground" "-no-remote" "-profile" "C:\\Users\\corne\\AppData\\Local\\Temp\\rust_mozprofilepfjyQ0"
1623071137658	Marionette	INFO	Marionette enabled
console.warn: SearchSettings: "get: No settings file exists, new profile?" (new NotFoundError("Could not open the file at C:\\Users\\corne\\AppData\\Local\\Temp\\rust_mozprofilepfjyQ0\\search.json.mozlz4", (void 0)))
1623071139632	Marionette	INFO	Listening on port 55768
1623071140059	Marionette	WARN	TLS certificate errors will be ignored for this session
JavaScript error: https://www.impfen-saarland.de/packs/js/logged_in_area-374d903187cce5f66b65.js, line 2: Error: Request failed with status code 429
JavaScript error: https://www.impfen-saarland.de/packs/js/logged_in_area-374d903187cce5f66b65.js, line 2: Error: Request failed with status code 429
1623071201854	Marionette	INFO	Stopped listening on port 55768
1623071204947	geckodriver	INFO	Listening on 127.0.0.1:50153
1623071207997	mozrunner::runner	INFO	Running command: "C:\\Program Files\\Firefox Developer Edition\\firefox.exe" "--marionette" "-foreground" "-no-remote" "-profile" "C:\\Users\\corne\\AppData\\Local\\Temp\\rust_mozprofileIjxZ2j"
1623071208266	Marionette	INFO	Marionette enabled
console.warn: SearchSettings: "get: No settings file exists, new profile?" (new NotFoundError("Could not open the file at C:\\Users\\corne\\AppData\\Local\\Temp\\rust_mozprofileIjxZ2j\\search.json.mozlz4", (void 0)))
1623071210229	Marionette	INFO	Listening on port 50164
1623071210670	Marionette	WARN	TLS certificate errors will be ignored for this session
JavaScript error: https://www.impfen-saarland.de/packs/js/logged_in_area-374d903187cce5f66b65.js, line 2: Error: Request failed with status code 429
1623071225041	Marionette	INFO	Stopped listening on port 50164

###!!! [Child][RunMessage] Error: Channel closing: too late to send/recv, messages will be lost

1623071260337	geckodriver	INFO	Listening on 127.0.0.1:49192
1623071263362	mozrunner::runner	INFO	Running command: "C:\\Program Files\\Firefox Developer Edition\\firefox.exe" "--marionette" "-foreground" "-no-remote" "-profile" "C:\\Users\\corne\\AppData\\Local\\Temp\\rust_mozprofileDKlxlo"
1623071263602	Marionette	INFO	Marionette enabled
console.warn: SearchSettings: "get: No settings file exists, new profile?" (new NotFoundError("Could not open the file at C:\\Users\\corne\\AppData\\Local\\Temp\\rust_mozprofileDKlxlo\\search.json.mozlz4", (void 0)))
1623071265197	Marionette	INFO	Listening on port 49205
1623071265436	Marionette	WARN	TLS certificate errors will be ignored for this session
1623071266174	Marionette	WARN	Ignoring event 'pageshow' because document has an invalid readyState of 'interactive'.
JavaScript error: https://www.impfen-saarland.de/packs/js/logged_in_area-374d903187cce5f66b65.js, line 2: Error: Request failed with status code 429
JavaScript error: https://www.impfen-saarland.de/packs/js/logged_in_area-374d903187cce5f66b65.js, line 2: Error: Request failed with status code 429
1623071282812	Marionette	INFO	Stopped listening on port 49205

###!!! [Child][RunMessage] Error: Channel closing: too late to send/recv, messages will be lost

1623071470942	geckodriver	INFO	Listening on 127.0.0.1:62598
1623071474141	mozrunner::runner	INFO	Running command: "C:\\Program Files\\Firefox Developer Edition\\firefox.exe" "--marionette" "-foreground" "-no-remote" "-profile" "C:\\Users\\corne\\AppData\\Local\\Temp\\rust_mozprofile1T4kNk"
1623071474444	Marionette	INFO	Marionette enabled
console.warn: SearchSettings: "get: No settings file exists, new profile?" (new NotFoundError("Could not open the file at C:\\Users\\corne\\AppData\\Local\\Temp\\rust_mozprofile1T4kNk\\search.json.mozlz4", (void 0)))
1623071476136	Marionette	INFO	Listening on port 62615
1623071476204	Marionette	WARN	TLS certificate errors will be ignored for this session
1623072152591	Marionette	INFO	Stopped listening on port 62615

###!!! [Child][RunMessage] Error: Channel closing: too late to send/recv, messages will be lost

efox.exe" "--marionette" "-foreground" "-no-remote" "-profile" "C:\\Users\\corne\\AppData\\Local\\Temp\\rust_mozprofileCb8HTp"
1623071491361	Marionette	INFO	Marionette enabled
console.warn: SearchSettings: "get: No settings file exists, new profile?" (new NotFoundError("Could not open the file at C:\\Users\\corne\\AppData\\Local\\Temp\\rust_mozprofileCb8HTp\\search.json.mozlz4", (void 0)))
1623071493674	Marionette	INFO	Listening on port 62695
162301623071496676	mozrunner::runner	INFO	Running command: "C:\\Program Files\\Firefox [Parent 952, IPC I/O Parent] WARNING: file /builds/worker/checkouts/gecko/ipc/chromium/src/base/process_util_win.cc:167
1623072152585	Marionette	INFO	Stopped listening on port 62695

###!!! [Child][RunMessage] Error: Channel closing: too late to send/recv, messages will be lost

unner	INFO	Running command: "C:\\Program Files\\Firefox Developer Edition\\firefox.exe" "--marionette" "-foreground" "-no-remote" "-profile" "C:\\Users\\corne\\AppData\\Local\\Temp\\rust_mozprofilekuvq6q"
1623071501453	Marionette	INFO	Marionette enabled
console.warn: Searc1623072152613	Marionette	INFO	Stopped listening on port 62760

###!!! [Child][RunMessage] Error: Channel closing: too late to send/recv, messages will be lost

\\search.json.mozlz4", (void 0)))
1623071503916	Marionette	INFO	Listening on port 62820
1623071504400	Marionette	WARN	TLS certificate errors will be ignored for this session
[Parent 7684, IPC I/O Parent] WARNING: file /builds/worker/checkouts/gecko/ipc/chromium/src/base/process_util_win.cc:167
1623072152620	Marionette	INFO	Stopped listening on port 62820
te" "-foreground" "-no-remote" "-profile" "C:\\Users\\corne\\AppData\\Local\\Temp\\rust_mozprofileJLPAiW"
1623071643387	Marionette	INFO	Marionette enabled
console.warn: SearchSettings: "get: No settings file exists, new profile?" (new NotFoundError("Could not open the file at C:\\Users\\corne\\AppData\\Local\\Temp\\rust_mozprofileJLPAiW\\search.json.mozlz4", (void 0)))
1623071645084	Marionette	INFO	Listening on port 63315
1623071645198	Marionette	WARN	TLS certificate errors will be ignored for this session
JavaScript error: https://www.impfen-saarland.de/packs/js/logged_in_area-374d903187cce5f66b65.js, line 2: Error: Request failed with status code 429
1623071657169	Marionette	INFO	Stopped listening on port 63315

###!!! [Child][RunMessage] Error: Channel closing: too late to send/recv, messages will be lost

1623072144545	geckodriver	INFO	Listening on 127.0.0.1:64798
1623072147575	mozrunner::runner	INFO	Running command: "C:\\Program Files\\Firefox Developer Edition\\firefox.exe" "--marionette" "-foreground" "-no-remote" "-profile" "C:\\Users\\corne\\AppData\\Local\\Temp\\rust_mozprofileTDZwF2"
1623072147830	Marionette	INFO	Marionette enabled
console.warn: SearchSettings: "get: No settings file exists, new profile?" (new NotFoundError("Could not open the file at C:\\Users\\corne\\AppData\\Local\\Temp\\rust_mozprofileTDZwF2\\search.json.mozlz4", (void 0)))
1623072149871	Marionette	INFO	Listening on port 64809
[Parent 18956, IPC I/O Parent] WARNING: file /builds/worker/checkouts/gecko/ipc/chromium/src/base/process_util_win.cc:167
[Parent 18956, IPC I/O Parent] WARNING: file /builds/worker/checkouts/gecko/ipc/chromium/src/base/process_util_win.cc:167
1623072152626	Marionette	INFO	Stopped listening on port 64809
1623072153577	geckodriver	INFO	Listening on 127.0.0.1:64856
1623072156619	mozrunner::runner	INFO	Running command: "C:\\P1623072157301	mozrunner::runner	INFO	Running command: "C:\\Program Files\\Firefox Developer Edition\\firefox.exe" "--marionette" "-foreground" "-no-remote" "-profile" "C:\\Users\\corne\\AppData\\Local\\Temp\\rust_mozproficonsole.warn: SearchSettings: "get: No settings file exists,console.warn: SearchSettings: "get: No settings file exists, new profile?" (new NotFoundError("Could not open the file at C:\\Users\\corne\\AppData\\Local\\Te1623072159148	Marionette	INFO	Listening on port 64874
162301623072159410	Marionette	INFO	Listening on port 64880
1623072159465	Marionette	WAJavaScript error: https://www.impfen-saarland.de/packs/js/loJavaScript error: https://www.impfen-saarland.de/packs/js/logged_in_area-374d903187cce5f661623072175864	Marionette	INFO	Stopped listening on port 64871623072176598	Marionette	INFO	Stopped listening on port 64880

###!!! [Child][RunMessage] Error: Channel closing: too late to send/recv, messages will be lost

1623072193613	geckodriver	INFO	Listening on 127.0.0.1:49174
1623072196669	mozrunner::runner	INFO	Running command: "C:\\Program Files\\Firefox Developer Edition\\firefox.exe" "--marionette" "-foreground" "-no-remote" "-profile" "C:\\Users\\corne\\AppData\\Local\\Temp\\rust_mozprofilenKq5NA"
1623072196940	Marionette	INFO	Marionette enabled
console.warn: SearchSettings: "get: No settings file exists, new profile?" (new NotFoundError("Could not open the file at C:\\Users\\corne\\AppData\\Local\\Temp\\rust_mozprofilenKq5NA\\search.json.mozlz4", (void 0)))
1623072198895	Marionette	INFO	Listening on port 49185
1623072199358	Marionette	WARN	TLS certificate errors will be ignored for this session
1623074774903	Marionette	INFO	Stopped listening on port 49185

###!!! [Child][RunMessage] Error: Channel closing: too late to send/recv, messages will be lost

efox.exe" "--marionette" "-foreground" "-no-remote" "-profile" "C:\\Users\\corne\\AppData\\Local\\Temp\\rust_mozprofilei1UriV"
1623072207194	Marionette	INFO	Marionette enabled
console.warn: SearchSettings: "get: No settings file exists, new profile?" (new NotFoundError("Could not open the file at C:\\Users\\corne\\AppData\\Local\\Temp\\rust_mozprofilei1UriV\\search.json.mozlz4", (void 0)))
1623072209043	Marionette	INFO	Listening on port 49254
1623072209531	Marionette	WARN	TLS certificate errors will be ignored for this session
1623074775595	Marionette	INFO	Stopped listening on port 49254
3072225903	mozrunner::runner	INFO	Running command: "C:\\P1623072226973	mozrunner::runner	INFO	Running command: "C:\\Program Files\\Firefox Developer Edition\\firefox.exe" "--marionette" "-foreground" "-no-remote" "-profile" "C:\\Users\\corne\\AppData\\Local\\Temp\\rust_mozproficonsole.warn: SearchSettings: "get: No settings file exists,console.warn: SearchSettings: "get: No settings file exists, new profile?" (new NotFoundError("Could not open the file at C:\\Users\\corne\\AppData\\Local\\Temp\\rust_mozprofile7HIjko\\search.json.mozlz4", (void 0)))
1623072229659	Marionette	INFO	Listening on port 49353
1623072230171	Marionette	WA1623072247118	Marionette	INFO	Stopped listening on port 49340

###!!! [Child][RunMessage] Error: Channel closing: too late to send/recv, messages will be lost

 a function
JavaScript error: https://www.impfen-saarland.de/packs/js/logged_in_area-374d903187cce5f66b65.js, line 2: Error: Request failed with status code 429
1623074046400	Marionette	INFO	Stopped listening on port 49353

###!!! [Child][RunMessage] Error: Channel closing: too late to send/recv, messages will be lost

e	INFO	Marionette enabled
console.warn: SearchSettings: "get: No settings file exists, new profile?" (new NotFoundError("Could not open the file at C:\\Users\\corne\\AppData\\Local\\Temp\\rust_mozprofile9tvfrN\\search.json.mozlz4", (void 0)))
1623072261364	Marionette	INFO	Listening on port 49496
1623072261396	Marionette	WARN	TLS certificate errors will be ignored for this session
JavaScript error: https://www.impfen-saarland.de/packs/js/logged_in_area-374d903187cce5f66b65.js, line 2: Error: Request failed with status code 429
[Parent 14872, IPC I/O Parent] WARNING: file /builds/worker/checkouts/gecko/ipc/chromium/src/base/process_util_win.cc:167
1623072272183	Marionette	INFO	Stopped listening on port 49496

###!!! [Child][RunMessage] Error: Channel closing: too late to send/recv, messages will be lost

1623072280209	geckodriver	INFO	Listening on 127.0.0.1:49571
1623072283254	mozrunner::runner	INFO	Running command: "C:\\Program Files\\Firefox Developer Edition\\firefox.exe" "--marionette" "-foreground" "-no-remote" "-profile" "C:\\Users\\corne\\AppData\\Local\\Temp\\rust_mozprofilec1YclB"
1623072283493	Marionette	INFO	Marionette enabled
console.warn: SearchSettings: "get: No settings file exists, new profile?" (new NotFoundError("Could not open the file at C:\\Users\\corne\\AppData\\Local\\Temp\\rust_mozprofilec1YclB\\search.json.mozlz4", (void 0)))
1623072285439	Marionette	INFO	Listening on port 49585
1623072285935	Marionette	WARN	TLS certificate errors will be ignored for this session
JavaScript error: https://www.impfen-saarland.de/packs/js/logged_in_area-374d903187cce5f66b65.js, line 2: Error: Request failed with status code 429
1623072294448	Marionette	INFO	Stopped listening on port 49585

###!!! [Child][RunMessage] Error: Channel closing: too late to send/recv, messages will be lost

1623072322569	geckodriver	INFO	Listening on 127.0.0.1:63455
1623072325636	mozrunner::runner	INFO	Running command: "C:\\Program Files\\Firefox Developer Edition\\firefox.exe" "--marionette" "-foreground" "-no-remote" "-profile" "C:\\Users\\corne\\AppData\\Local\\Temp\\rust_mozprofileG2hT0d"
1623072325880	Marionette	INFO	Marionette enabled
console.warn: SearchSettings: "get: No settings file exists, new profile?" (new NotFoundError("Could not open the file at C:\\Users\\corne\\AppData\\Local\\Temp\\rust_mozprofileG2hT0d\\search.json.mozlz4", (void 0)))
1623072327686	Marionette	INFO	Listening on port 61314
1623072327706	Marionette	WARN	TLS certificate errors will be ignored for this session
JavaScript error: https://www.impfen-saarland.de/packs/js/logged_in_area-374d903187cce5f66b65.js, line 2: Error: Request failed with status code 429
1623072341577	Marionette	INFO	Stopped listening on port 61314

###!!! [Child][RunMessage] Error: Channel closing: too late to send/recv, messages will be lost

1623072352436	geckodriver	INFO	Listening on 127.0.0.1:61393
1623072355492	mozrunner::runner	INFO	Running command: "C:\\Program Files\\Firefox Developer Edition\\firefox.exe" "--marionette" "-foreground" "-no-remote" "-profile" "C:\\Users\\corne\\AppData\\Local\\Temp\\rust_mozprofile21dYpP"
1623072355768	Marionette	INFO	Marionette enabled
console.warn: SearchSettings: "get: No settings file exists, new profile?" (new NotFoundError("Could not open the file at C:\\Users\\corne\\AppData\\Local\\Temp\\rust_mozprofile21dYpP\\search.json.mozlz4", (void 0)))
1623072357765	Marionette	INFO	Listening on port 61404
1623072358179	Marionette	WARN	TLS certificate errors will be ignored for this session
JavaScript error: https://www.impfen-saarland.de/packs/js/logged_in_area-374d903187cce5f66b65.js, line 2: Error: Request failed with status code 429
1623072376266	Marionette	INFO	Stopped listening on port 61404

###!!! [Child][RunMessage] Error: Channel closing: too late to send/recv, messages will be lost

1623072379013	geckodriver	INFO	Listening on 127.0.0.1:55238
1623072382071	mozrunner::runner	INFO	Running command: "C:\\Program Files\\Firefox Developer Edition\\firefox.exe" "--marionette" "-foreground" "-no-remote" "-profile" "C:\\Users\\corne\\AppData\\Local\\Temp\\rust_mozprofileiuDihJ"
1623072382353	Marionette	INFO	Marionette enabled
console.warn: SearchSettings: "get: No settings file exists, new profile?" (new NotFoundError("Could not open the file at C:\\Users\\corne\\AppData\\Local\\Temp\\rust_mozprofileiuDihJ\\search.json.mozlz4", (void 0)))
1623072384412	Marionette	INFO	Listening on port 55249
1623072384792	Marionette	WARN	TLS certificate errors will be ignored for this session
JavaScript error: https://www.impfen-saarland.de/packs/js/logged_in_area-374d903187cce5f66b65.js, line 2: Error: Request failed with status code 429
JavaScript error: https://www.impfen-saarland.de/packs/js/logged_in_area-374d903187cce5f66b65.js, line 2: Error: Request failed with status code 429
1623072433902	Marionette	INFO	Stopped listening on port 55249

###!!! [Child][RunMessage] Error: Channel closing: too late to send/recv, messages will be lost

1623074050311	geckodriver	INFO	Listening on 127.0.0.1:58360
1623074053346	mozrunner::runner	INFO	Running command: "C:\\Program Files\\Firefox Developer Edition\\firefox.exe" "--marionette" "-foreground" "-no-remote" "-profile" "C:\\Users\\corne\\AppData\\Local\\Temp\\rust_mozprofileNumcD0"
1623074053718	Marionette	INFO	Marionette enabled
console.warn: SearchSettings: "get: No settings file exists, new profile?" (new NotFoundError("Could not open the file at C:\\Users\\corne\\AppData\\Local\\Temp\\rust_mozprofileNumcD0\\search.json.mozlz4", (void 0)))
1623074055706	Marionette	INFO	Listening on port 58371
1623074056055	Marionette	WARN	TLS certificate errors will be ignored for this session
JavaScript error: https://www.impfen-saarland.de/packs/js/logged_in_area-374d903187cce5f66b65.js, line 2: Error: Request failed with status code 429
1623074060153	Marionette	INFO	Stopped listening on port 58371
1623074564891	geckodriver	INFO	Listening on 127.0.0.1:64308
1623074567959	mozrunner::runner	INFO	Running command: "C:\\Program Files\\Firefox Developer Edition\\firefox.exe" "--marionette" "-foreground" "-no-remote" "-profile" "C:\\Users\\corne\\AppData\\Local\\Temp\\rust_mozprofileeLapvZ"
1623074568262	Marionette	INFO	Marionette enabled
console.warn: SearchSettings: "get: No settings file exists, new profile?" (new NotFoundError("Could not open the file at C:\\Users\\corne\\AppData\\Local\\Temp\\rust_mozprofileeLapvZ\\search.json.mozlz4", (void 0)))
1623074570596	Marionette	INFO	Listening on port 59365
1623074570647	Marionette	WARN	TLS certificate errors will be ignored for this session
[Parent 11636, IPC I/O Parent] WARNING: file /builds/worker/checkouts/gecko/ipc/chromium/src/base/process_util_win.cc:167
1623074774211	Marionette	INFO	Stopped listening on port 59365
e" "-foreground" "-no-remote" "-profile" "C:\\Users\\corne\\AppData\\Local\\Temp\\rust_mozprofilepgZnhH"
1623074593295	Marionette	INFO	Marionette enabled
console.warn: SearchSettings: "get: No settings file exists, new profile?" (new NotFoundError("Could not open the file at C:\\Users\\corne\\AppData\\Local\\Temp\\rust_mozprofilepgZnhH\\search.json.mozlz4", (void 0)))
1623074595504	Marionette	INFO	Listening on port 62642
1623074595734	Marionette	WARN	TLS certificate errors will be ignored for this session
JavaScript error: resource:///modules/UrlbarInput.jsm, line 2952: TypeError: event.target.closest is not a function
JavaScript error: https://www.impfen-saarland.de/packs/js/logged_in_area-374d903187cce5f66b65.js, line 2: Error: Request failed with status code 429
1623074596441	Marionette	WARN	Ignoring event 'pageshow' because document has an invalid readyState of 'interactive'.
[Parent 21496, IPC I/O Parent] WARNING: file /builds/worker/checkouts/gecko/ipc/chromium/src/base/process_util_win.cc:167
1623074608747	Marionette	INFO	Stopped listening on port 62642
1623074777130	geckodriver	INFO	Listening on 127.0.0.1:58748
1623074780164	mozrunner::runner	INFO	Running command: "C:\\Program Files\\Firefox Developer Edition\\firefox.exe" "--marionette" "-foreground" "-no-remote" "-profile" "C:\\Users\\corne\\AppData\\Local\\Temp\\rust_mozprofileQpziHa"
1623074780468	Marionette	INFO	Marionette enabled
console.warn: SearchSettings: "get: No settings file exists, new profile?" (new NotFoundError("Could not open the file at C:\\Users\\corne\\AppData\\Local\\Temp\\rust_mozprofileQpziHa\\search.json.mozlz4", (void 0)))
1623074782675	Marionette	INFO	Listening on port 62766
1623074782840	Marionette	WARN	TLS certificate errors will be ignored for this session
JavaScript error: https://www.impfen-saarland.de/packs/js/logged_in_area-374d903187cce5f66b65.js, line 2: Error: Request failed with status code 429
1623074793203	Marionette	INFO	Stopped listening on port 62766

###!!! [Child][RunMessage] Error: Channel closing: too late to send/recv, messages will be lost

1623074996807	geckodriver	INFO	Listening on 127.0.0.1:50062
1623074999857	mozrunner::runner	INFO	Running command: "C:\\Program Files\\Firefox Developer Edition\\firefox.exe" "--marionette" "-foreground" "-no-remote" "-profile" "C:\\Users\\corne\\AppData\\Local\\Temp\\rust_mozprofileZ2778u"
1623075000146	Marionette	INFO	Marionette enabled
console.warn: SearchSettings: "get: No settings file exists, new profile?" (new NotFoundError("Could not open the file at C:\\Users\\corne\\AppData\\Local\\Temp\\rust_mozprofileZ2778u\\search.json.mozlz4", (void 0)))
1623075002232	Marionette	INFO	Listening on port 52009
1623075002551	Marionette	WARN	TLS certificate errors will be ignored for this session
1623075273683	Marionette	INFO	Stopped listening on port 52009
1623075275286	geckodriver	INFO	Listening on 127.0.0.1:56579
1623075278334	mozrunner::runner	INFO	Running command: "C:\\Program Files\\Firefox Developer Edition\\firefox.exe" "--marionette" "-foreground" "-no-remote" "-profile" "C:\\Users\\corne\\AppData\\Local\\Temp\\rust_mozprofileLDqUpJ"
1623075278625	Marionette	INFO	Marionette enabled
console.warn: SearchSettings: "get: No settings file exists, new profile?" (new NotFoundError("Could not open the file at C:\\Users\\corne\\AppData\\Local\\Temp\\rust_mozprofileLDqUpJ\\search.json.mozlz4", (void 0)))
1623075280839	Marionette	INFO	Listening on port 56103
1623075281025	Marionette	WARN	TLS certificate errors will be ignored for this session
console.warn: "IGNORED REDUX ACTION:" "AUTOCOMPLETE_CLEAR"
console.error: "Exception while calling a ResourceWatcher" "updated" "callback" ":" (new TypeError("can't access property \"resourceWatcher\", this.hud is null", "resource://devtools/client/webconsole/webconsole-ui.js", 429))
[Parent 18100, IPC I/O Parent] WARNING: file /builds/worker/checkouts/gecko/ipc/chromium/src/base/process_util_win.cc:167
1623075891521	Marionette	INFO	Stopped listening on port 56103

###!!! [Child][RunMessage] Error: Channel closing: too late to send/recv, messages will be lost

1D"
1623075647705	Marionette	INFO	Marionette enabled
console.warn: SearchSettings: "get: No settings file exists, new profile?" (new NotFoundError("Could not open the file at C:\\Users\\corne\\AppData\\Local\\Temp\\rust_mozprofileGur61D\\search.json.mozlz4", (void 0)))
1623075649705	Marionette	INFO	Listening on port 60533
1623075650144	Marionette	WARN	TLS certificate errors will be ignored for this session
1623076077825	Marionette	INFO	Stopped listening on port 60533

###!!! [Child][RunMessage] Error: Channel closing: too late to send/recv, messages will be lost

efox.exe" "--marionette" "-foreground" "-no-remote" "-profile" "C:\\Users\\corne\\AppData\\Local\\Temp\\rust_mozprofile9Uf2MT"
1623075901175	Marionette	INFO	Marionette enabled
console.warn: SearchSettings: "get: No settings file exists, new profile?" (new NotFoundError("Could not open the file at C:\\Users\\corne\\AppData\\Local\\Temp\\rust_mozprofile9Uf2MT\\search.json.mozlz4", (void 0)))
1623075903395	Marionette	INFO	Listening on port 59917
1623075903633	Marionette	WARN	TLS certificate errors will be ignored for this session
console.error: "Error while calling actor 'pagestyle's method 'isPositionEditable'" "getComputedStyle(...) is null"
console.error: (new TypeError("getComputedStyle(...) is null", "resource://devtools/server/actors/highlighters/geometry-editor.js", 173))
console.error: (new Error("Protocol error (TypeError): getComputedStyle(...) is null from: server0.conn0.child4/pagestyle24 (resource://devtools/server/actors/highlighters/geometry-editor.js:173:40)", "resource://devtools/shared/protocol/Front.js", 365))
console.error: "Error writing response to: children"
console.error: "Error while calling actor 'domwalker's method 'children'" "Component returned failure code: 0x80070057 (NS_ERROR_ILLEGAL_VALUE) [nsIEventListenerService.getListenerInfoFor]"
console.error: ({})
console.error: "Error while calling actor 'domnode's method 'getAllSelectors'" "can't access property \"CSS\", ele.ownerGlobal is null"
console.error: (new TypeError("can't access property \"CSS\", ele.ownerGlobal is null", "resource://devtools/shared/inspector/css-logic.js", 595))
console.error: (new Error("Protocol error (NS_ERROR_ILLEGAL_VALUE): Component returned failure code: 0x80070057 (NS_ERROR_ILLEGAL_VALUE) [nsIEventListenerService.getListenerInfoFor] from: server0.conn0.child4/domwalker23 (resource://devtools/server/actors/inspector/event-collector.js:266:0)", "resource://devtools/shared/protocol/Front.js", 365))
console.error: (new Error("Protocol error (TypeError): can't access property \"CSS\", ele.ownerGlobal is null from: server0.conn0.child4/domnode27 (resource://devtools/shared/inspector/css-logic.js:595:21)", "resource://devtools/shared/protocol/Front.js", 365))
console.error: "Error sending event: display-change"
console.error: ({})
[Exception... "Component returned failure code: 0x80070057 (NS_ERROR_ILLEGAL_VALUE) [nsIEventListenerService.getListenerInfoFor]"  nsresult: "0x80070057 (NS_ERROR_ILLEGAL_VALUE)"  location: "JS frame :: resource://devtools/server/actors/inspector/event-collector.js :: getDOMListeners :: line 266"  data: no]: getDOMListeners@resource://devtools/server/actors/inspector/event-collector.js:266:22
getListeners@resource://devtools/server/actors/inspector/event-collector.js:334:28
hasListeners@resource://devtools/server/actors/inspector/event-collector.js:227:17
hasEventListeners@resource://devtools/server/actors/inspector/event-collector.js:802:21
get _hasEventListeners@resource://devtools/server/actors/inspector/node.js:383:33
form@resource://devtools/server/actors/inspector/node.js:207:7
write@resource://devtools/shared/protocol/types.js:358:32
types.addArrayType/write/<@resource://devtools/shared/protocol/types.js:215:33
write@resource://devtools/shared/protocol/types.js:215:16
write@resource://devtools/shared/protocol/Request.js:109:22
write@resource://devtools/shared/protocol/Request.js:39:26
_sendEvent@resource://devtools/shared/protocol/Actor.js:66:24
initialize/<@resource://devtools/shared/protocol/Actor.js:46:16
_emit@resource://devtools/shared/event-emitter.js:226:34
emit@resource://devtools/shared/event-emitter.js:172:18
emit@resource://devtools/shared/event-emitter.js:324:18
_onReflows@resource://devtools/server/actors/inspector/walker.js:598:12
_emit@resource://devtools/shared/event-emitter.js:226:34
emit@resource://devtools/shared/event-emitter.js:172:18
emit@resource://devtools/shared/event-emitter.js:324:18
_startEventLoop@resource://devtools/server/actors/reflow.js:314:12
notify@resource://gre/modules/Timer.jsm:62:17

console.error: "Error while calling actor 'pagestyle's method 'getLayout'" "can't access property \"getPropertyValue\", style is null"
console.error: (new TypeError("can't access property \"getPropertyValue\", style is null", "resource://devtools/server/actors/page-style.js", 1038))
console.error: (new Error("Protocol error (TypeError): can't access property \"getPropertyValue\", style is null from: server0.conn0.child4/pagestyle24 (resource://devtools/server/actors/page-style.js:1038:7)", "resource://devtools/shared/protocol/Front.js", 365))
1623076049706	Marionette	INFO	Stopped listening on port 59911623076051503	mozrunner::runner	INFO	Running command: "C:\\Program Files\\Firefox Developer Edition\\firefox.exe" "--marionette" "-foreground" "-no-remote" "-profile" "C:\\Users\\corne\\AppData\\Local\\Temp\\rust_mozprofileb47lbz"
1623076051795	Marionette	INFO	Marionette enabled
console.warn: SearchSettings: "get: No settings file exists, new profile?" (new NotFoundError("Could not open the file at C:\\Users\\corne\\AppData\\Local\\Temp\\rust_mozprofileb47lbz\\search.json.mozlz4", (void 0)))
1623076054221	Marionette	INFO	Listening on port 53916
1623076054787	Marionette	WARN	TLS certificate errors will be ignored for this session
console.error: "Task cancelled"
console.error: "Exception while calling a ResourceWatcher" "updated" "callback" ":" (new TypeError("can't access property \"resourceWatcher\", this.hud is null", "resource://devtools/client/webconsole/webconsole-ui.js", 429))
console.error: "Task cancelled"
console.error: "Task cancelled"
1623081436684	Marionette	INFO	Stopped listening on port 53916

###!!! [Child][RunMessage] Error: Channel closing: too late to send/recv, messages will be lost

Local\\Temp\\rust_mozprofileiwjOYz\\search.json.mozlz4", (void 0)))
1623076085057	Marionette	INFO	Listening on port 54014
1623076085511	Marionette	WARN	TLS certificate errors will be ignored for this session
1623076103212	Marionette	INFO	Stopped listening on port 54014

###!!! [Child][RunMessage] Error: Channel closing: too late to send/recv, messages will be lost

1623076108920	geckodriver	INFO	Listening on 127.0.0.1:65312
1623076111949	mozrunner::runner	INFO	Running command: "C:\\Program Files\\Firefox Developer Edition\\firefox.exe" "--marionette" "-foreground" "-no-remote" "-profile" "C:\\Users\\corne\\AppData\\Local\\Temp\\rust_mozprofileU0Hqd8"
1623076112217	Marionette	INFO	Marionette enabled
console.warn: SearchSettings: "get: No settings file exists, new profile?" (new NotFoundError("Could not open the file at C:\\Users\\corne\\AppData\\Local\\Temp\\rust_mozprofileU0Hqd8\\search.json.mozlz4", (void 0)))
1623076114235	Marionette	INFO	Listening on port 65323
1623076114635	Marionette	WARN	TLS certificate errors will be ignored for this session
console.warn: "IGNORED REDUX ACTION:" "AUTOCOMPLETE_CLEAR"
console.error: "Tried to send a 'target-destroyed-form' event on an already destroyed actor 'watcher'"
1623076866162	Marionette	INFO	Stopped listening on port 65323

###!!! [Child][RunMessage] Error: Channel closing: too late to send/recv, messages will be lost

efox.exe" "--marionette" "-foreground" "-no-remote" "-profile" "C:\\Users\\corne\\AppData\\Local\\Temp\\rust_mozprofilejbDd6n"
1623076864476	Marionette	INFO	Marionette enabled
console.warn: SearchSettings: "get: No settings file exists, new profile?" (new NotFoundError("Could not open the file at C:\\Users\\corne\\AppData\\Local\\Temp\\rust_mozprofilejbDd6n\\search.json.mozlz4", (void 0)))
1623076866415	Marionette	INFO	Listening on port 49738
1623076866878	Marionette	WARN	TLS certificate errors will be ignored for this session
1623076996106	Marionette	INFO	Stopped listening on port 49731623076997286	mozrunner::runner	INFO	Running command: "C:\\Program Files\\Firefox Developer Edition\\firefox.exe" "--marionette" "-foreground" "-no-remote" "-profile" "C:\\Users\\corne\\AppData\\Local\\Temp\\rust_mozprofilemgX8lG"
1623076997556	Marionette	INFO	Marionette enabled
console.warn: SearchSettings: "get: No settings file exists, new profile?" (new NotFoundError("Could not open the file at C:\\Users\\corne\\AppData\\Local\\Temp\\rust_mozprofilemgX8lG\\search.json.mozlz4", (void 0)))
1623076999356	Marionette	INFO	Listening on port 51292
1623076999464	Marionette	WARN	TLS certificate errors will be ignored for this session
1623078250843	Marionette	INFO	Stopped listening on port 51292

###!!! [Child][RunMessage] Error: Channel closing: too late to send/recv, messages will be lost

1623078251884	geckodriver	INFO	Listening on 127.0.0.1:58937
1623078254944	mozrunner::runner	INFO	Running command: "C:\\Program Files\\Firefox Developer Edition\\firefox.exe" "--marionette" "-foreground" "-no-remote" "-profile" "C:\\Users\\corne\\AppData\\Local\\Temp\\rust_mozprofileI5ZXdd"
1623078255209	Marionette	INFO	Marionette enabled
console.warn: SearchSettings: "get: No settings file exists, new profile?" (new NotFoundError("Could not open the file at C:\\Users\\corne\\AppData\\Local\\Temp\\rust_mozprofileI5ZXdd\\search.json.mozlz4", (void 0)))
1623078257152	Marionette	INFO	Listening on port 58948
1623078257631	Marionette	WARN	TLS certificate errors will be ignored for this session
JavaScript error: resource:///modules/UrlbarInput.jsm, line 2952: TypeError: event.target.closest is not a function
1623081834135	Marionette	INFO	Stopped listening on port 58948

###!!! [Child][RunMessage] Error: Channel closing: too late to send/recv, messages will be lost

efox.exe" "--marionette" "-foreground" "-no-remote" "-profile" "C:\\Users\\corne\\AppData\\Local\\Temp\\rust_mozprofileM2I8KR"
1623081440497	Marionette	INFO	Marionette enabled
console.warn: SearchSettings: "get: No settings file exists, new profile?" (new NotFoundError("Could not open the file at C:\\Users\\corne\\AppData\\Local\\Temp\\rust_mozprofileM2I8KR\\search.json.mozlz4", (void 0)))
1623081442873	Marionette	INFO	Listening on port 56199
1623081443381	Marionette	WARN	TLS certificate errors will be ignored for this session
1623081834112	Marionette	INFO	Stopped listening on port 56199

###!!! [Child][RunMessage] Error: Channel closing: too late to send/recv, messages will be lost

1623135656920	geckodriver	INFO	Listening on 127.0.0.1:63450
1623135659956	mozrunner::runner	INFO	Running command: "C:\\Program Files\\Firefox Developer Edition\\firefox.exe" "--marionette" "-foreground" "-no-remote" "-profile" "C:\\Users\\corne\\AppData\\Local\\Temp\\rust_mozprofilekbu7he"
1623135660677	Marionette	INFO	Marionette enabled
console.warn: SearchSettings: "get: No settings file exists, new profile?" (new NotFoundError("Could not open the file at C:\\Users\\corne\\AppData\\Local\\Temp\\rust_mozprofilekbu7he\\search.json.mozlz4", (void 0)))
1623135663413	Marionette	INFO	Listening on port 63462
1623135663663	Marionette	WARN	TLS certificate errors will be ignored for this session
1623135664384	Marionette	WARN	Ignoring event 'pageshow' because document has an invalid readyState of 'interactive'.
1623136791143	Marionette	INFO	Stopped listening on port 63462

###!!! [Child][RunMessage] Error: Channel closing: too late to send/recv, messages will be lost

efox.exe" "--marionette" "-foreground" "-no-remote" "-profile" "C:\\Users\\corne\\AppData\\Local\\Temp\\rust_mozprofilerwVKMk"
1623135671880	Marionette	INFO	Marionette enabled
console.warn: SearchSettings: "get: No settings file exists, new profile?" (new NotFoundError("Could not open the file at C:\\Users\\corne\\AppData\\Local\\Temp\\rust_mozprofilerwVKMk\\search.json.mozlz4", (void 0)))
1623135673789	Marionette	INFO	Listening on port 63541
1623135673806	Marionette	WARN	TLS certificate errors will be ignored for this session
[GFX1-]:82479	geckodriver	INFO	Listening on 127.0.0.1:53550
1623136785542	mozrunner::runner	INFO	Running command: "C:\\Program Files\\Firefox Developer Edition\\firefox.exe" "--marionette" "-foreground" "-no-remote" "-profile" "C:\\Users\\corne\\AppData\\Local\\Temp\\rust_mozprofile77PGEk"
1623136785823	Marionette	INFO	Marionette enabled
console.warn: SearchSettings: "get: No settings file exists, new profile?" (new NotFoundError("Could not open the file at C:\\Users\\corne\\AppData\\Local\\Temp\\rust_mozprofile77PGEk\\search.json.mozlz4", (void 0)))
1623136787759	Marionette	INFO	Listening on port 53561
1623136788232	Marionette	WARN	TLS certificate errors will be ignored for this session
1623136788830	Marionette	WARN	Ignoring event 'pageshow' because document has an invalid readyState of 'interactive'.
1623136908032	Marionette	INFO	Stopped listening on port 53561623136908279	mozrunner::runner	INFO	Running command: "C:\\Program Files\\Firefox Developer Edition\\firefox.exe" "--marionette" "-foreground" "-no-remote" "-profile" "C:\\Users\\corne\\AppData\\Local\\Temp\\rust_mozprofileMeuGVv"
1623136908632	Marionette	INFO	Marionette enabled
console.warn: SearchSettings: "get: No settings file exists, new profile?" (new NotFoundError("Could not open the file at C:\\Users\\corne\\AppData\\Local\\Temp\\rust_mozprofileMeuGVv\\search.json.mozlz4", (void 0)))
1623136910976	Marionette	INFO	Listening on port 63750
1623136911477	Marionette	WARN	TLS certificate errors will be ignored for this session
1623138386855	Marionette	INFO	Stopped listening on port 63750
3138280833	mozrunner::runner	INFO	Running command: "C:\\Program Files\\Firefox Developer Edition\\firefox.exe" "--marionette" "-foreground" "-no-remote" "-profile" "C:\\Users\\corne\\AppData\\Local\\Temp\\rust_mozprofilemDVfHP"
1623138281105	Marionette	INFO	Marionette enabled
console.warn: SearchSettings: "get: No settings file exists, new profile?" (new NotFoundError("Could not open the file at C:\\Users\\corne\\AppData\\Local\\Temp\\rust_mozprofilemDVfHP\\search.json.mozlz4", (void 0)))
1623138282901	Marionette	INFO	Listening on port 50356
1623138283012	Marionette	WARN	TLS certificate errors will be ignored for this session
1623144633136	Marionette	INFO	Stopped listening on port 50356

###!!! [Child][RunMessage] Error: Channel closing: too late to send/recv, messages will be lost

efox.exe" "--marionette" "-foreground" "-no-remote" "-profile" "C:\\Users\\corne\\AppData\\Local\\Temp\\rust_mozprofilecsRuKs"
1623138393324	Marionette	INFO	Marionette enabled
console.warn: SearchSettings: "get: No settings file exists, new profile?" (new NotFoundError("Could not open the file at C:\\Users\\corne\\AppData\\Local\\Temp\\rust_mozprofilecsRuKs\\search.json.mozlz4", (void 0)))
1623138395297	Marionette	INFO	Listening on port 59963
1623138395819	Marionette	WARN	TLS certificate errors will be ignored for this session
1623140065973	Marionette	INFO	Stopped listening on port 59963
1623140068155	geckodriver	INFO	Listening on 127.0.0.1:53217
1623140071184	mozrunner::runner	INFO	Running command: "C:\\Program Files\\Firefox Developer Edition\\firefox.exe" "--marionette" "-foreground" "-no-remote" "-profile" "C:\\Users\\corne\\AppData\\Local\\Temp\\rust_mozprofileN9bFtp"
1623140071533	Marionette	INFO	Marionette enabled
console.warn: SearchSettings: "get: No settings file exists, new profile?" (new NotFoundError("Could not open the file at C:\\Users\\corne\\AppData\\Local\\Temp\\rust_mozprofileN9bFtp\\search.json.mozlz4", (void 0)))
1623140073945	Marionette	INFO	Listening on port 53228
1623140074383	Marionette	WARN	TLS certificate errors will be ignored for this session
1623142555639	Marionette	INFO	Stopped listening on port 53221623142556169	mozrunner::runner	INFO	Running command: "C:\\Program Files\\Firefox Developer Edition\\firefox.exe" "--marionette" "-foreground" "-no-remote" "-profile" "C:\\Users\\corne\\AppData\\Local\\Temp\\rust_mozprofileaRmNJ4"
1623142556460	Marionette	INFO	Marionette enabled
console.warn: SearchSettings: "get: No settings file exists, new profile?" (new NotFoundError("Could not open the file at C:\\Users\\corne\\AppData\\Local\\Temp\\rust_mozprofileaRmNJ4\\search.json.mozlz4", (void 0)))
1623142558478	Marionette	INFO	Listening on port 65280
1623142558857	Marionette	WARN	TLS certificate errors will be ignored for this session
1623144631916	Marionette	INFO	Stopped listening on port 65280

###!!! [Child][RunMessage] Error: Channel closing: too late to send/recv, messages will be lost

1623151631534	geckodriver	INFO	Listening on 127.0.0.1:58197
1623151634576	mozrunner::runner	INFO	Running command: "C:\\Program Files\\Firefox Developer Edition\\firefox.exe" "--marionette" "-foreground" "-no-remote" "-profile" "C:\\Users\\corne\\AppData\\Local\\Temp\\rust_mozprofileP3ycPx"
1623151634872	Marionette	INFO	Marionette enabled
console.warn: SearchSettings: "get: No settings file exists, new profile?" (new NotFoundError("Could not open the file at C:\\Users\\corne\\AppData\\Local\\Temp\\rust_mozprofileP3ycPx\\search.json.mozlz4", (void 0)))
1623151637001	Marionette	INFO	Listening on port 58208
1623151637253	Marionette	WARN	TLS certificate errors will be ignored for this session
1623151638020	Marionette	WARN	Ignoring event 'pageshow' because document has an invalid readyState of 'interactive'.
1623152591683	Marionette	INFO	Stopped listening on port 58208

###!!! [Child][RunMessage] Error: Channel closing: too late to send/recv, messages will be lost

efox.exe" "--marionette" "-foreground" "-no-remote" "-profile" "C:\\Users\\corne\\AppData\\Local\\Temp\\rust_mozprofileexPQep"
1623151659551	Marionette	INFO	Marionette enabled
console.warn: SearchSettings: "get: No settings file exists, new profile?" (new NotFoundError("Could not open the file at C:\\Users\\corne\\AppData\\Local\\Temp\\rust_mozprofileexPQep\\search.json.mozlz4", (void 0)))
1623151661424	Marionette	INFO	Listening on port 58300
1623151661945	Marionette	WARN	TLS certificate errors will be ignored for this session
1623155246505	Marionette	INFO	Stopped listening on port 58300

###!!! [Child][RunMessage] Error: Channel closing: too late to send/recv, messages will be lost

efox.exe" "--marionette" "-foreground" "-no-remote" "-profile" "C:\\Users\\corne\\AppData\\Local\\Temp\\rust_mozprofilezBBZD0"
1623152587323	Marionette	INFO	Marionette enabled
console.warn: SearchSettings: "get: No settings file exists, new profile?" (new NotFoundError("Could not open the file at C:\\Users\\corne\\AppData\\Local\\Temp\\rust_mozprofilezBBZD0\\search.json.mozlz4", (void 0)))
1623152589309	Marionette	INFO	Listening on port 60574
1623152589758	Marionette	WARN	TLS certificate errors will be ignored for this session
1623152590373	Marionette	WARN	Ignoring event 'pageshow' because document has an invalid readyState of 'interactive'.
[Parent 18936, IPC I/O Parent] WARNING: file /builds/worker/checkouts/gecko/ipc/chromium/src/base/process_util_win.cc:167
1623153460512	Marionette	INFO	Stopped listening on port 60574

###!!! [Child][RunMessage] Error: Channel closing: too late to send/recv, messages will be lost

Cg"
1623153456935	Marionette	INFO	Marionette enabled
console.warn: SearchSettings: "get: No settings file exists, new profile?" (new NotFoundError("Could not open the file at C:\\Users\\corne\\AppData\\Local\\Temp\\rust_mozprofileQwPICg\\search.json.mozlz4", (void 0)))
1623153459138	Marionette	INFO	Listening on port 54880
1623153459264	Marionette	WARN	TLS certificate errors will be ignored for this session
1623155035474	Marionette	INFO	Stopped listening on port 54880

###!!! [Child][RunMessage] Error: Channel closing: too late to send/recv, messages will be lost

1623253492419	geckodriver	INFO	Listening on 127.0.0.1:58801
1623253495457	mozrunner::runner	INFO	Running command: "C:\\Program Files\\Firefox Developer Edition\\firefox.exe" "--marionette" "-foreground" "-no-remote" "-profile" "C:\\Users\\corne\\AppData\\Local\\Temp\\rust_mozprofile3mq3Ib"
1623253573259	geckodriver	INFO	Listening on 127.0.0.1:58970
1623253576316	mozrunner::runner	INFO	Running command: "C:\\Program Files\\Firefox Developer Edition\\firefox.exe" "--marionette" "-foreground" "-no-remote" "-profile" "C:\\Users\\corne\\AppData\\Local\\Temp\\rust_mozprofileoe8j8w"
1623253576625	Marionette	INFO	Marionette enabled
console.warn: SearchSettings: "get: No settings file exists, new profile?" (new NotFoundError("Could not open the file at C:\\Users\\corne\\AppData\\Local\\Temp\\rust_mozprofileoe8j8w\\search.json.mozlz4", (void 0)))
1623253578510	Marionette	INFO	Listening on port 58981
1623253579017	Marionette	WARN	TLS certificate errors will be ignored for this session
1623253579752	Marionette	WARN	Ignoring event 'pageshow' because document has an invalid readyState of 'interactive'.
1623253655691	Marionette	INFO	Stopped listening on port 58981
